{"/Users/kalani/Fullsail/WDV4416/Unit_Testing_Assignment/creditCard.js": {"path":"/Users/kalani/Fullsail/WDV4416/Unit_Testing_Assignment/creditCard.js","statementMap":{"0":{"start":{"line":1,"column":19},"end":{"line":16,"column":1}},"1":{"start":{"line":2,"column":0},"end":{"line":2,"column":26}},"2":{"start":{"line":3,"column":0},"end":{"line":3,"column":17}},"3":{"start":{"line":4,"column":0},"end":{"line":6,"column":1}},"4":{"start":{"line":5,"column":4},"end":{"line":5,"column":33}},"5":{"start":{"line":7,"column":0},"end":{"line":14,"column":1}},"6":{"start":{"line":7,"column":12},"end":{"line":7,"column":13}},"7":{"start":{"line":8,"column":4},"end":{"line":13,"column":5}},"8":{"start":{"line":9,"column":8},"end":{"line":9,"column":24}},"9":{"start":{"line":12,"column":8},"end":{"line":12,"column":31}},"10":{"start":{"line":15,"column":0},"end":{"line":15,"column":19}},"11":{"start":{"line":18,"column":0},"end":{"line":18,"column":28}}},"fnMap":{"0":{"name":"(anonymous_0)","decl":{"start":{"line":1,"column":19},"end":{"line":1,"column":20}},"loc":{"start":{"line":1,"column":32},"end":{"line":16,"column":1}},"line":1}},"branchMap":{"0":{"loc":{"start":{"line":4,"column":0},"end":{"line":6,"column":1}},"type":"if","locations":[{"start":{"line":4,"column":0},"end":{"line":6,"column":1}},{"start":{},"end":{}}],"line":4},"1":{"loc":{"start":{"line":4,"column":3},"end":{"line":4,"column":39}},"type":"binary-expr","locations":[{"start":{"line":4,"column":3},"end":{"line":4,"column":20}},{"start":{"line":4,"column":22},"end":{"line":4,"column":39}}],"line":4},"2":{"loc":{"start":{"line":8,"column":4},"end":{"line":13,"column":5}},"type":"if","locations":[{"start":{"line":8,"column":4},"end":{"line":13,"column":5}},{"start":{"line":11,"column":8},"end":{"line":13,"column":5}}],"line":8}},"s":{"0":1,"1":2,"2":2,"3":2,"4":1,"5":1,"6":1,"7":12,"8":8,"9":4,"10":1,"11":1},"f":{"0":2},"b":{"0":[1,1],"1":[2,1],"2":[8,4]},"_coverageSchema":"1a1c01bbd47fc00a2c39e90264f33305004495a9","hash":"376dfd15f6fa2951e7932d5d90f450ff7cc886cc"}
}
